FST info: dumpfile secret.fst opened for output.
ALU: 0x000 ()
ALU: 0x000 ()
ALU: 0x000 ()
ALU: 0x000 ()
ALU: 0xe80 ()
ALU: 0x980 ()
ALU: 0xe40 ()
ALU: 0x5c0 ()
ALU: 0x980 ()
ALU: 0x67e ()
ALU: 0x643 ()
ALU: 0x000 ()
ALU: 0xfeb ()
ALU: 0x000 ()
ALU: 0xfd6 ()
ALU: 0xfd6 ()
ALU: 0x01a ()
ALU: 0xfe9 ()
ALU: 0xfc6 ()
ALU: 0xfc6 ()
ALU: 0xfe3 ()
ALU: 0x000 ()
ALU: 0x05e (^)
ALU: 0x45d ()
ALU: 0x2af ()
ALU: 0xfff ()
ALU: 0x015 ()
ALU: 0x00a ()
ALU: 0xddc ()
ALU: 0x000 ()
ALU: 0x42e ()
ALU: 0x63f ()
ALU: 0x42f ()
ALU: 0x217 ()
ALU: 0x42e ()
ALU: END
